<?xml version="1.0" encoding="UTF-8"?>
<testsuite xmlns:xsi="http://www.w3.org/2001/XMLSchema-instance" xsi:noNamespaceSchemaLocation="https://maven.apache.org/surefire/maven-surefire-plugin/xsd/surefire-test-report.xsd" name="org.example.FizzBuzzServiceTest" time="0.123" tests="11" errors="0" skipped="0" failures="0">
  <properties>
[...]
</properties>
  <testcase name="fizzBuzz_multipleThreeNotFive_returnsFizz{int}[1]" classname="org.example.FizzBuzzServiceTest" time="0.053"/>
  <testcase name="fizzBuzz_multipleThreeNotFive_returnsFizz{int}[2]" classname="org.example.FizzBuzzServiceTest" time="0.001"/>
  <testcase name="fizzBuzz_multipleThreeNotFive_returnsFizz{int}[3]" classname="org.example.FizzBuzzServiceTest" time="0.001"/>
  <testcase name="fizzBuzz_multipleThreeNotFive_returnsFizz{int}[4]" classname="org.example.FizzBuzzServiceTest" time="0.001"/>
  <testcase name="fizzBuzz_multipleFiveNotThree_returnsBuzz{int}[1]" classname="org.example.FizzBuzzServiceTest" time="0.001"/>
  <testcase name="fizzBuzz_multipleFiveNotThree_returnsBuzz{int}[2]" classname="org.example.FizzBuzzServiceTest" time="0.001"/>
  <testcase name="fizzBuzz_multipleFiveNotThree_returnsBuzz{int}[3]" classname="org.example.FizzBuzzServiceTest" time="0.001"/>
  <testcase name="fizzBuzz_multipleFiveNotThree_returnsBuzz{int}[4]" classname="org.example.FizzBuzzServiceTest" time="0.001"/>
  <testcase name="fizzBuzz_multipleThreeAndFive_returnsFizzBuzz{int}[1]" classname="org.example.FizzBuzzServiceTest" time="0.001"/>
  <testcase name="fizzBuzz_multipleThreeAndFive_returnsFizzBuzz{int}[2]" classname="org.example.FizzBuzzServiceTest" time="0.001"/>
  <testcase name="fizzBuzz_multipleThreeAndFive_returnsFizzBuzz{int}[3]" classname="org.example.FizzBuzzServiceTest" time="0.001"/>
</testsuite>